Master process started.Fri Mar  3 16:57:46 2023
Normal mode selected.Fri Mar  3 16:57:48 2023
A & B processes spawned.Fri Mar  3 16:57:48 2023
Server mode selected.Fri Mar  3 16:57:56 2023
A & B processes spawned.Fri Mar  3 16:57:56 2023
Client mode selected.Fri Mar  3 16:58:03 2023
A & B processes spawned.Fri Mar  3 16:58:03 2023
Master process started.Tue Jun 20 23:41:58 2023
Server mode selected.Tue Jun 20 23:43:20 2023
A & B processes spawned.Tue Jun 20 23:43:20 2023
Master process started.Tue Jun 20 23:51:58 2023
Server mode selected.Tue Jun 20 23:52:01 2023
A & B processes spawned.Tue Jun 20 23:52:01 2023
Master process started.Wed Jun 21 00:03:58 2023
Normal mode selected.Wed Jun 21 00:04:00 2023
A & B processes spawned.Wed Jun 21 00:04:00 2023
Master process started.Wed Jun 21 00:23:27 2023
Normal mode selected.Wed Jun 21 00:23:29 2023
A & B processes spawned.Wed Jun 21 00:23:29 2023
Master process started.Wed Jun 21 01:22:30 2023
Option ' Normal ' selected.Wed Jun 21 01:22:33 2023
A & B processes spawned.Wed Jun 21 01:22:33 2023
Master process started.Wed Jun 21 01:23:02 2023
Option ' Server ' selected.Wed Jun 21 01:23:06 2023
A & B processes spawned.Wed Jun 21 01:23:06 2023
Master process started.Wed Jun 21 01:23:15 2023
Option ' Client ' selected.Wed Jun 21 01:23:23 2023
A & B processes spawned.Wed Jun 21 01:23:23 2023
