Process A started.Fri Mar  3 16:57:48 2023
Process A started.Wed Jun 21 00:04:00 2023
Keyboard arrow buttom is pressed.Wed Jun 21 00:04:04 2023
Keyboard arrow buttom is pressed.Wed Jun 21 00:04:04 2023
Keyboard arrow buttom is pressed.Wed Jun 21 00:04:05 2023
Keyboard arrow buttom is pressed.Wed Jun 21 00:04:05 2023
Keyboard arrow buttom is pressed.Wed Jun 21 00:04:08 2023
Keyboard arrow buttom is pressed.Wed Jun 21 00:04:09 2023
Keyboard arrow buttom is pressed.Wed Jun 21 00:04:09 2023
Keyboard arrow buttom is pressed.Wed Jun 21 00:04:11 2023
Keyboard arrow buttom is pressed.Wed Jun 21 00:04:12 2023
Keyboard arrow buttom is pressed.Wed Jun 21 00:04:12 2023
Keyboard arrow buttom is pressed.Wed Jun 21 00:04:13 2023
Keyboard arrow buttom is pressed.Wed Jun 21 00:04:14 2023
Keyboard arrow buttom is pressed.Wed Jun 21 00:04:15 2023
Keyboard arrow buttom is pressed.Wed Jun 21 00:04:15 2023
Keyboard arrow buttom is pressed.Wed Jun 21 00:04:16 2023
Keyboard arrow buttom is pressed.Wed Jun 21 00:04:16 2023
Keyboard arrow buttom is pressed.Wed Jun 21 00:04:16 2023
Keyboard arrow buttom is pressed.Wed Jun 21 00:04:16 2023
Keyboard arrow buttom is pressed.Wed Jun 21 00:04:17 2023
Keyboard arrow buttom is pressed.Wed Jun 21 00:04:17 2023
Keyboard arrow buttom is pressed.Wed Jun 21 00:04:17 2023
Keyboard arrow buttom is pressed.Wed Jun 21 00:04:17 2023
Process A started.Wed Jun 21 00:23:29 2023
Keyboard arrow buttom is pressed.Wed Jun 21 00:23:32 2023
Keyboard arrow buttom is pressed.Wed Jun 21 00:23:32 2023
Keyboard arrow buttom is pressed.Wed Jun 21 00:23:33 2023
Keyboard arrow buttom is pressed.Wed Jun 21 00:23:33 2023
Keyboard arrow buttom is pressed.Wed Jun 21 00:23:33 2023
Keyboard arrow buttom is pressed.Wed Jun 21 00:23:33 2023
Keyboard arrow buttom is pressed.Wed Jun 21 00:23:33 2023
Keyboard arrow buttom is pressed.Wed Jun 21 00:23:34 2023
Keyboard arrow buttom is pressed.Wed Jun 21 00:23:34 2023
Keyboard arrow buttom is pressed.Wed Jun 21 00:23:34 2023
Keyboard arrow buttom is pressed.Wed Jun 21 00:23:34 2023
Keyboard arrow buttom is pressed.Wed Jun 21 00:23:34 2023
Keyboard arrow buttom is pressed.Wed Jun 21 00:23:35 2023
Keyboard arrow buttom is pressed.Wed Jun 21 00:23:35 2023
Keyboard arrow buttom is pressed.Wed Jun 21 00:23:35 2023
Keyboard arrow buttom is pressed.Wed Jun 21 00:23:35 2023
Keyboard arrow buttom is pressed.Wed Jun 21 00:23:35 2023
Keyboard arrow buttom is pressed.Wed Jun 21 00:23:35 2023
Keyboard arrow buttom is pressed.Wed Jun 21 00:23:36 2023
Keyboard arrow buttom is pressed.Wed Jun 21 00:23:36 2023
Keyboard arrow buttom is pressed.Wed Jun 21 00:23:36 2023
Keyboard arrow buttom is pressed.Wed Jun 21 00:23:36 2023
Keyboard arrow buttom is pressed.Wed Jun 21 00:23:37 2023
Keyboard arrow buttom is pressed.Wed Jun 21 00:23:37 2023
Keyboard arrow buttom is pressed.Wed Jun 21 00:23:37 2023
Keyboard arrow buttom is pressed.Wed Jun 21 00:23:37 2023
Keyboard arrow buttom is pressed.Wed Jun 21 00:23:37 2023
Keyboard arrow buttom is pressed.Wed Jun 21 00:23:37 2023
Keyboard arrow buttom is pressed.Wed Jun 21 00:23:38 2023
Keyboard arrow buttom is pressed.Wed Jun 21 00:23:38 2023
Process A started.Wed Jun 21 01:22:33 2023
Keyboard arrow buttom is pressed.Wed Jun 21 01:22:37 2023
Keyboard arrow buttom is pressed.Wed Jun 21 01:22:37 2023
Keyboard arrow buttom is pressed.Wed Jun 21 01:22:37 2023
Keyboard arrow buttom is pressed.Wed Jun 21 01:22:37 2023
Keyboard arrow buttom is pressed.Wed Jun 21 01:22:38 2023
Keyboard arrow buttom is pressed.Wed Jun 21 01:22:38 2023
Keyboard arrow buttom is pressed.Wed Jun 21 01:22:38 2023
Keyboard arrow buttom is pressed.Wed Jun 21 01:22:38 2023
Keyboard arrow buttom is pressed.Wed Jun 21 01:22:38 2023
Keyboard arrow buttom is pressed.Wed Jun 21 01:22:39 2023
Keyboard arrow buttom is pressed.Wed Jun 21 01:22:39 2023
Keyboard arrow buttom is pressed.Wed Jun 21 01:22:39 2023
Keyboard arrow buttom is pressed.Wed Jun 21 01:22:39 2023
Keyboard arrow buttom is pressed.Wed Jun 21 01:22:39 2023
Keyboard arrow buttom is pressed.Wed Jun 21 01:22:39 2023
Keyboard arrow buttom is pressed.Wed Jun 21 01:22:40 2023
Keyboard arrow buttom is pressed.Wed Jun 21 01:22:40 2023
Keyboard arrow buttom is pressed.Wed Jun 21 01:22:40 2023
Keyboard arrow buttom is pressed.Wed Jun 21 01:22:41 2023
Keyboard arrow buttom is pressed.Wed Jun 21 01:22:41 2023
Keyboard arrow buttom is pressed.Wed Jun 21 01:22:41 2023
Keyboard arrow buttom is pressed.Wed Jun 21 01:22:41 2023
Print button pressedWed Jun 21 01:22:42 2023
bpm file saved.Wed Jun 21 01:22:43 2023
Process A Server started.Wed Jun 21 01:23:06 2023
Process A Client started.Wed Jun 21 01:23:24 2023
Error during connection to a serverWed Jun 21 01:23:24 2023
Command received.Wed Jun 21 01:23:30 2023
Error sending command to the serverWed Jun 21 01:23:30 2023
